2018-06-11 19:31:10,559  INFO (main:dweb.aut.pages.templates.TestTemplateMethodLevelInit:beforeSuite:57) - Suite To Be Executed Next -  SuiteRegression
2018-06-11 19:31:10,728  INFO (TestNG-tests-1:dweb.aut.pages.templates.TestTemplateMethodLevelInit:beforeTest:79) - Thread - 12, Executes Next Test - Test 
2018-06-11 19:31:10,728  INFO (TestNG-tests-1:dweb.test.templates.TestTemplate:getTestParameter:51) - Test Execution Input Parameter = automationKit, Value = selenium
2018-06-11 19:31:10,740  INFO (TestNG-tests-1:dweb.aut.pages.templates.TestTemplateMethodLevelInit:beforeMethod:136) - Thread - 12 , Executes Next Test Method - QA119_ChangeAppWindowThrough_ApplicationMenuButton
2018-06-11 19:31:10,743  INFO (TestNG-tests-1:com.testreport.ExtentReporter:initTestCase:97) - ExtentTest Created - com.aventstack.extentreports.ExtentTest@2d3d1bd2 Created, With Name - Test-QA119_ChangeAppWindowThrough_ApplicationMenuButton
2018-06-11 19:31:10,743  INFO (TestNG-tests-1:dweb.test.templates.TestTemplate:getTestParameter:51) - Test Execution Input Parameter = appURL, Value = https://devapp.bluestrataemr.com
2018-06-11 19:31:10,744  INFO (TestNG-tests-1:dweb.test.templates.TestTemplate:getTestParameter:51) - Test Execution Input Parameter = automationKit, Value = selenium
2018-06-11 19:31:20,905  INFO (TestNG-tests-1:com.factories.WebDriverFactory:getLocalWebDriver:95) - Driver Initialized For Browser - IE
2018-06-11 19:31:43,783  INFO (TestNG-tests-1:dweb.test.templates.TestTemplate:getTestParameter:51) - Test Execution Input Parameter = userName, Value = tester2
2018-06-11 19:31:43,783  INFO (TestNG-tests-1:dweb.test.templates.TestTemplate:getTestParameter:51) - Test Execution Input Parameter = password, Value = testerPass2
2018-06-11 19:31:43,784  INFO (TestNG-tests-1:dweb.test.templates.TestTemplate:getTestParameter:51) - Test Execution Input Parameter = key, Value = 5F94A69E-F7F4-E511-8114-000C291AF998
2018-06-11 19:31:49,001  INFO (TestNG-tests-1:dweb.aut.pages.templates.PageTemplate:isElementPresent:400) - Element Present - (By - By.xpath: //input[@placeholder='Username'] )
2018-06-11 19:31:49,005  INFO (TestNG-tests-1:com.testreport.ExtentReporter:logSuccess:132) - StepName - isElementPresent, StepDescription - Element Present - (By - By.xpath: //input[@placeholder='Username'] ) Passed
2018-06-11 19:31:51,063  INFO (TestNG-tests-1:dweb.aut.pages.templates.PageTemplate:isElementPresent:400) - Element Present - (By - By.xpath: //input[@placeholder='Username'] )
2018-06-11 19:31:51,064  INFO (TestNG-tests-1:com.testreport.ExtentReporter:logSuccess:132) - StepName - isElementPresent, StepDescription - Element Present - (By - By.xpath: //input[@placeholder='Username'] ) Passed
2018-06-11 19:31:51,064  INFO (TestNG-tests-1:com.testreport.ExtentReporter:logSuccess:132) - StepName - Element Present, StepDescription - Element is present - <mark>User Name</mark> Passed
2018-06-11 19:31:51,069  INFO (TestNG-tests-1:dweb.aut.pages.templates.PageTemplate:waitUntilElementIsClickable:332) - Element clickable - (By - By.xpath: //input[@placeholder='Username'] )
2018-06-11 19:31:51,070  INFO (TestNG-tests-1:com.testreport.ExtentReporter:logSuccess:132) - StepName - waitUntilElementIsClickable, StepDescription - Element clickable - (By - By.xpath: //input[@placeholder='Username'] ) Passed
2018-06-11 19:31:54,118  INFO (TestNG-tests-1:dweb.aut.pages.templates.PageTemplate:sendKeys:55) - SendKeys Successful - (By - By.xpath: //input[@placeholder='Username'] , text - tester2)
2018-06-11 19:31:54,119  INFO (TestNG-tests-1:com.testreport.ExtentReporter:logSuccess:132) - StepName - SendKeys, StepDescription - Entered Text - <mark>tester2</mark> To Locator - <mark>By.xpath: //input[@placeholder='Username'] </mark> Passed
2018-06-11 19:31:56,198  INFO (TestNG-tests-1:dweb.aut.pages.templates.PageTemplate:isElementPresent:400) - Element Present - (By - By.xpath: //input[@placeholder='Password'] )
2018-06-11 19:31:56,199  INFO (TestNG-tests-1:com.testreport.ExtentReporter:logSuccess:132) - StepName - isElementPresent, StepDescription - Element Present - (By - By.xpath: //input[@placeholder='Password'] ) Passed
2018-06-11 19:31:58,309  INFO (TestNG-tests-1:dweb.aut.pages.templates.PageTemplate:isElementPresent:400) - Element Present - (By - By.xpath: //input[@placeholder='Password'] )
2018-06-11 19:31:58,310  INFO (TestNG-tests-1:com.testreport.ExtentReporter:logSuccess:132) - StepName - isElementPresent, StepDescription - Element Present - (By - By.xpath: //input[@placeholder='Password'] ) Passed
2018-06-11 19:31:58,310  INFO (TestNG-tests-1:com.testreport.ExtentReporter:logSuccess:132) - StepName - Element Present, StepDescription - Element is present - <mark>Password</mark> Passed
2018-06-11 19:31:58,310  INFO (TestNG-tests-1:dweb.aut.pages.templates.PageTemplate:waitUntilElementIsClickable:332) - Element clickable - (By - By.xpath: //input[@placeholder='Password'] )
2018-06-11 19:31:58,311  INFO (TestNG-tests-1:com.testreport.ExtentReporter:logSuccess:132) - StepName - waitUntilElementIsClickable, StepDescription - Element clickable - (By - By.xpath: //input[@placeholder='Password'] ) Passed
2018-06-11 19:32:00,040  INFO (TestNG-tests-1:dweb.aut.pages.templates.PageTemplate:sendKeys:55) - SendKeys Successful - (By - By.xpath: //input[@placeholder='Password'] , text - testerPass2)
2018-06-11 19:32:00,040  INFO (TestNG-tests-1:com.testreport.ExtentReporter:logSuccess:132) - StepName - SendKeys, StepDescription - Entered Text - <mark>testerPass2</mark> To Locator - <mark>By.xpath: //input[@placeholder='Password'] </mark> Passed
2018-06-11 19:32:02,178  INFO (TestNG-tests-1:dweb.aut.pages.templates.PageTemplate:isElementPresent:400) - Element Present - (By - By.xpath: //button[text()='Sign in'])
2018-06-11 19:32:02,178  INFO (TestNG-tests-1:com.testreport.ExtentReporter:logSuccess:132) - StepName - isElementPresent, StepDescription - Element Present - (By - By.xpath: //button[text()='Sign in']) Passed
2018-06-11 19:32:04,327  INFO (TestNG-tests-1:dweb.aut.pages.templates.PageTemplate:isElementPresent:400) - Element Present - (By - By.xpath: //button[text()='Sign in'])
2018-06-11 19:32:04,328  INFO (TestNG-tests-1:com.testreport.ExtentReporter:logSuccess:132) - StepName - isElementPresent, StepDescription - Element Present - (By - By.xpath: //button[text()='Sign in']) Passed
2018-06-11 19:32:04,329  INFO (TestNG-tests-1:com.testreport.ExtentReporter:logSuccess:132) - StepName - Element Present, StepDescription - Element is present - <mark>Sign In Button</mark> Passed
2018-06-11 19:32:04,329  INFO (TestNG-tests-1:dweb.aut.pages.templates.PageTemplate:waitUntilElementIsClickable:332) - Element clickable - (By - By.xpath: //button[text()='Sign in'])
2018-06-11 19:32:04,330  INFO (TestNG-tests-1:com.testreport.ExtentReporter:logSuccess:132) - StepName - waitUntilElementIsClickable, StepDescription - Element clickable - (By - By.xpath: //button[text()='Sign in']) Passed
2018-06-11 19:32:04,330  INFO (TestNG-tests-1:dweb.aut.pages.templates.PageTemplate:waitUntilElementIsClickable:332) - Element clickable - (By - By.xpath: //button[text()='Sign in'])
2018-06-11 19:32:04,331  INFO (TestNG-tests-1:com.testreport.ExtentReporter:logSuccess:132) - StepName - waitUntilElementIsClickable, StepDescription - Element clickable - (By - By.xpath: //button[text()='Sign in']) Passed
2018-06-11 19:32:04,516  INFO (TestNG-tests-1:dweb.aut.pages.templates.PageTemplate:click:153) - Click Successful - (By - Sign In Button)
2018-06-11 19:32:04,516  INFO (TestNG-tests-1:com.testreport.ExtentReporter:logSuccess:132) - StepName - Click, StepDescription - Click Performed On Locator - <mark>Sign In Button</mark> Passed
2018-06-11 19:32:09,516  INFO (TestNG-tests-1:dweb.test.templates.TestTemplate:getTestParameter:51) - Test Execution Input Parameter = browserName, Value = ie
2018-06-11 19:32:09,516  INFO (TestNG-tests-1:com.testreport.ExtentReporter:logInfo:182) - Thread - 12 , Executes Next Test Method - QA119_ChangeAppWindowThrough_ApplicationMenuButton On Browser - ie
2018-06-11 19:32:09,525  INFO (TestNG-tests-1:dweb.test.templates.TestTemplate:getTestParameter:51) - Test Execution Input Parameter = userName, Value = tester2
2018-06-11 19:32:09,526  INFO (TestNG-tests-1:dweb.test.templates.TestTemplate:getTestParameter:51) - Test Execution Input Parameter = password, Value = testerPass2
2018-06-11 19:32:09,538  INFO (TestNG-tests-1:dweb.aut.pages.templates.PageTemplate:waitUntilElementIsClickable:332) - Element clickable - (By - By.xpath: //div[contains(@class,'col-md-auto')]//button)
2018-06-11 19:32:09,539  INFO (TestNG-tests-1:com.testreport.ExtentReporter:logSuccess:132) - StepName - waitUntilElementIsClickable, StepDescription - Element clickable - (By - By.xpath: //div[contains(@class,'col-md-auto')]//button) Passed
2018-06-11 19:32:09,539  INFO (TestNG-tests-1:dweb.aut.pages.templates.PageTemplate:waitUntilElementIsClickable:332) - Element clickable - (By - By.xpath: //div[contains(@class,'col-md-auto')]//button)
2018-06-11 19:32:09,539  INFO (TestNG-tests-1:com.testreport.ExtentReporter:logSuccess:132) - StepName - waitUntilElementIsClickable, StepDescription - Element clickable - (By - By.xpath: //div[contains(@class,'col-md-auto')]//button) Passed
2018-06-11 19:32:09,774  INFO (TestNG-tests-1:dweb.aut.pages.templates.PageTemplate:click:153) - Click Successful - (By - Menu Button)
2018-06-11 19:32:09,774  INFO (TestNG-tests-1:com.testreport.ExtentReporter:logSuccess:132) - StepName - Click, StepDescription - Click Performed On Locator - <mark>Menu Button</mark> Passed
2018-06-11 19:32:11,325  INFO (TestNG-tests-1:com.testreport.ExtentReporter:logSuccess:132) - StepName - Present Apps , StepDescription - Present Apps On application Menu <mark>[Clinical, Clinical, Clinical, Clinical, Clinical, Clinical, Clinical, Clinical, Clinical]<mark/>  Passed
2018-06-11 19:32:11,325  INFO (TestNG-tests-1:dweb.aut.pages.templates.PageTemplate:waitUntilElementIsClickable:332) - Element clickable - (By - By.xpath: //div[contains(@class,'col-md-auto')]//button)
2018-06-11 19:32:11,326  INFO (TestNG-tests-1:com.testreport.ExtentReporter:logSuccess:132) - StepName - waitUntilElementIsClickable, StepDescription - Element clickable - (By - By.xpath: //div[contains(@class,'col-md-auto')]//button) Passed
2018-06-11 19:32:11,326  INFO (TestNG-tests-1:dweb.aut.pages.templates.PageTemplate:waitUntilElementIsClickable:332) - Element clickable - (By - By.xpath: //div[contains(@class,'col-md-auto')]//button)
2018-06-11 19:32:11,326  INFO (TestNG-tests-1:com.testreport.ExtentReporter:logSuccess:132) - StepName - waitUntilElementIsClickable, StepDescription - Element clickable - (By - By.xpath: //div[contains(@class,'col-md-auto')]//button) Passed
2018-06-11 19:32:11,516  INFO (TestNG-tests-1:dweb.aut.pages.templates.PageTemplate:click:153) - Click Successful - (By - Menu Button)
2018-06-11 19:32:11,517  INFO (TestNG-tests-1:com.testreport.ExtentReporter:logSuccess:132) - StepName - Click, StepDescription - Click Performed On Locator - <mark>Menu Button</mark> Passed
2018-06-11 19:32:11,530  INFO (TestNG-tests-1:dweb.aut.pages.templates.PageTemplate:waitUntilElementIsClickable:332) - Element clickable - (By - By.xpath: //div[contains(@class,'col-md-auto')]//button)
2018-06-11 19:32:11,530  INFO (TestNG-tests-1:com.testreport.ExtentReporter:logSuccess:132) - StepName - waitUntilElementIsClickable, StepDescription - Element clickable - (By - By.xpath: //div[contains(@class,'col-md-auto')]//button) Passed
2018-06-11 19:32:11,530  INFO (TestNG-tests-1:dweb.aut.pages.templates.PageTemplate:waitUntilElementIsClickable:332) - Element clickable - (By - By.xpath: //div[contains(@class,'col-md-auto')]//button)
2018-06-11 19:32:11,530  INFO (TestNG-tests-1:com.testreport.ExtentReporter:logSuccess:132) - StepName - waitUntilElementIsClickable, StepDescription - Element clickable - (By - By.xpath: //div[contains(@class,'col-md-auto')]//button) Passed
2018-06-11 19:32:11,735  INFO (TestNG-tests-1:dweb.aut.pages.templates.PageTemplate:click:153) - Click Successful - (By - Menu Button)
2018-06-11 19:32:11,736  INFO (TestNG-tests-1:com.testreport.ExtentReporter:logSuccess:132) - StepName - Click, StepDescription - Click Performed On Locator - <mark>Menu Button</mark> Passed
2018-06-11 19:32:11,736  INFO (TestNG-tests-1:dweb.aut.pages.templates.PageTemplate:waitUntilElementIsClickable:332) - Element clickable - (By - By.xpath: //div[@class='modal-content']//img[@src='https://cdn.bluestrataemr.com/Images/Menu/sigma_medical_tablet_128.png'])
2018-06-11 19:32:11,736  INFO (TestNG-tests-1:com.testreport.ExtentReporter:logSuccess:132) - StepName - waitUntilElementIsClickable, StepDescription - Element clickable - (By - By.xpath: //div[@class='modal-content']//img[@src='https://cdn.bluestrataemr.com/Images/Menu/sigma_medical_tablet_128.png']) Passed
2018-06-11 19:32:11,736  INFO (TestNG-tests-1:dweb.aut.pages.templates.PageTemplate:waitUntilElementIsClickable:332) - Element clickable - (By - By.xpath: //div[@class='modal-content']//img[@src='https://cdn.bluestrataemr.com/Images/Menu/sigma_medical_tablet_128.png'])
2018-06-11 19:32:11,737  INFO (TestNG-tests-1:com.testreport.ExtentReporter:logSuccess:132) - StepName - waitUntilElementIsClickable, StepDescription - Element clickable - (By - By.xpath: //div[@class='modal-content']//img[@src='https://cdn.bluestrataemr.com/Images/Menu/sigma_medical_tablet_128.png']) Passed
2018-06-11 19:32:13,047  INFO (TestNG-tests-1:dweb.aut.pages.templates.PageTemplate:click:153) - Click Successful - (By - Emar Portal Option)
2018-06-11 19:32:13,048  INFO (TestNG-tests-1:com.testreport.ExtentReporter:logSuccess:132) - StepName - Click, StepDescription - Click Performed On Locator - <mark>Emar Portal Option</mark> Passed
2018-06-11 19:32:21,061  INFO (TestNG-tests-1:com.testreport.ExtentReporter:logSuccess:132) - StepName - user have the URL to access the Key page , StepDescription - user have the <mark>https://devapp.bluestrataemr.com/emar/dashboard<mark/> to access the Key page Passed
2018-06-11 19:32:46,261  INFO (TestNG-tests-1:dweb.aut.pages.templates.PageTemplate:isElementPresent:405) - Element Not Prensent - (By - By.xpath: //input[@placeholder='Username'] )
2018-06-11 19:32:46,262  INFO (TestNG-tests-1:com.testreport.ExtentReporter:logInfo:182) - Element Not Prensent - (By - By.xpath: //input[@placeholder='Username'] )
2018-06-11 19:33:08,567  INFO (TestNG-tests-1:dweb.aut.pages.templates.PageTemplate:isElementPresent:405) - Element Not Prensent - (By - By.xpath: //input[@placeholder='Password'] )
2018-06-11 19:33:08,568  INFO (TestNG-tests-1:com.testreport.ExtentReporter:logInfo:182) - Element Not Prensent - (By - By.xpath: //input[@placeholder='Password'] )
2018-06-11 19:33:30,696  INFO (TestNG-tests-1:dweb.aut.pages.templates.PageTemplate:isElementPresent:405) - Element Not Prensent - (By - By.xpath: //button[text()='Sign in'])
2018-06-11 19:33:30,698  INFO (TestNG-tests-1:com.testreport.ExtentReporter:logInfo:182) - Element Not Prensent - (By - By.xpath: //button[text()='Sign in'])
2018-06-11 19:33:35,698  INFO (TestNG-tests-1:dweb.aut.pages.templates.PageTemplate:waitUntilElementIsClickable:332) - Element clickable - (By - By.xpath: //a[@id='userDropDown'])
2018-06-11 19:33:35,699  INFO (TestNG-tests-1:com.testreport.ExtentReporter:logSuccess:132) - StepName - waitUntilElementIsClickable, StepDescription - Element clickable - (By - By.xpath: //a[@id='userDropDown']) Passed
2018-06-11 19:33:35,700  INFO (TestNG-tests-1:dweb.aut.pages.templates.PageTemplate:waitUntilElementIsClickable:332) - Element clickable - (By - By.xpath: //a[@id='userDropDown'])
2018-06-11 19:33:35,701  INFO (TestNG-tests-1:com.testreport.ExtentReporter:logSuccess:132) - StepName - waitUntilElementIsClickable, StepDescription - Element clickable - (By - By.xpath: //a[@id='userDropDown']) Passed
2018-06-11 19:33:35,928  INFO (TestNG-tests-1:dweb.aut.pages.templates.PageTemplate:click:153) - Click Successful - (By - Tester Button in Emar)
2018-06-11 19:33:35,928  INFO (TestNG-tests-1:com.testreport.ExtentReporter:logSuccess:132) - StepName - Click, StepDescription - Click Performed On Locator - <mark>Tester Button in Emar</mark> Passed
2018-06-11 19:33:35,928  INFO (TestNG-tests-1:dweb.aut.pages.templates.PageTemplate:waitUntilElementIsClickable:332) - Element clickable - (By - By.xpath: //a[@id='userDropDown']/..//div/a[text()='Logout'])
2018-06-11 19:33:35,928  INFO (TestNG-tests-1:com.testreport.ExtentReporter:logSuccess:132) - StepName - waitUntilElementIsClickable, StepDescription - Element clickable - (By - By.xpath: //a[@id='userDropDown']/..//div/a[text()='Logout']) Passed
2018-06-11 19:33:35,928  INFO (TestNG-tests-1:dweb.aut.pages.templates.PageTemplate:waitUntilElementIsClickable:332) - Element clickable - (By - By.xpath: //a[@id='userDropDown']/..//div/a[text()='Logout'])
2018-06-11 19:33:35,929  INFO (TestNG-tests-1:com.testreport.ExtentReporter:logSuccess:132) - StepName - waitUntilElementIsClickable, StepDescription - Element clickable - (By - By.xpath: //a[@id='userDropDown']/..//div/a[text()='Logout']) Passed
2018-06-11 19:33:36,036  INFO (TestNG-tests-1:dweb.aut.pages.templates.PageTemplate:click:153) - Click Successful - (By - Logout from Ear)
2018-06-11 19:33:36,036  INFO (TestNG-tests-1:com.testreport.ExtentReporter:logSuccess:132) - StepName - Click, StepDescription - Click Performed On Locator - <mark>Logout from Ear</mark> Passed
2018-06-11 19:33:36,192  INFO (TestNG-tests-1:dweb.aut.pages.templates.PageTemplate:waitUntilElementIsClickable:332) - Element clickable - (By - By.xpath: //button[@id='userDropDown'])
2018-06-11 19:33:36,193  INFO (TestNG-tests-1:com.testreport.ExtentReporter:logSuccess:132) - StepName - waitUntilElementIsClickable, StepDescription - Element clickable - (By - By.xpath: //button[@id='userDropDown']) Passed
2018-06-11 19:33:36,193  INFO (TestNG-tests-1:dweb.aut.pages.templates.PageTemplate:waitUntilElementIsClickable:332) - Element clickable - (By - By.xpath: //button[@id='userDropDown'])
2018-06-11 19:33:36,193  INFO (TestNG-tests-1:com.testreport.ExtentReporter:logSuccess:132) - StepName - waitUntilElementIsClickable, StepDescription - Element clickable - (By - By.xpath: //button[@id='userDropDown']) Passed
2018-06-11 19:33:37,375  INFO (TestNG-tests-1:dweb.aut.pages.templates.PageTemplate:click:153) - Click Successful - (By - Tester Button)
2018-06-11 19:33:37,375  INFO (TestNG-tests-1:com.testreport.ExtentReporter:logSuccess:132) - StepName - Click, StepDescription - Click Performed On Locator - <mark>Tester Button</mark> Passed
2018-06-11 19:33:37,375  INFO (TestNG-tests-1:dweb.aut.pages.templates.PageTemplate:waitUntilElementIsClickable:332) - Element clickable - (By - By.xpath: //button[@id='userDropDown']/..//div/button[text()='Logout'])
2018-06-11 19:33:37,375  INFO (TestNG-tests-1:com.testreport.ExtentReporter:logSuccess:132) - StepName - waitUntilElementIsClickable, StepDescription - Element clickable - (By - By.xpath: //button[@id='userDropDown']/..//div/button[text()='Logout']) Passed
2018-06-11 19:33:37,375  INFO (TestNG-tests-1:dweb.aut.pages.templates.PageTemplate:waitUntilElementIsClickable:332) - Element clickable - (By - By.xpath: //button[@id='userDropDown']/..//div/button[text()='Logout'])
2018-06-11 19:33:37,376  INFO (TestNG-tests-1:com.testreport.ExtentReporter:logSuccess:132) - StepName - waitUntilElementIsClickable, StepDescription - Element clickable - (By - By.xpath: //button[@id='userDropDown']/..//div/button[text()='Logout']) Passed
2018-06-11 19:33:37,523  INFO (TestNG-tests-1:dweb.aut.pages.templates.PageTemplate:click:153) - Click Successful - (By - Logout)
2018-06-11 19:33:37,524  INFO (TestNG-tests-1:com.testreport.ExtentReporter:logSuccess:132) - StepName - Click, StepDescription - Click Performed On Locator - <mark>Logout</mark> Passed
2018-06-11 19:33:37,526  INFO (TestNG-tests-1:dweb.aut.pages.templates.TestTemplateMethodLevelInit:afterMethod:206) - Thread - 12 , Completes Executing Test Method - QA119_ChangeAppWindowThrough_ApplicationMenuButton
2018-06-11 19:33:37,527  INFO (TestNG-tests-1:dweb.test.templates.TestTemplate:getTestParameter:51) - Test Execution Input Parameter = browserName, Value = ie
2018-06-11 19:33:37,528  INFO (TestNG-tests-1:com.testreport.ExtentReporter:logInfo:182) - Thread - 12 , Completes Executing Test Method - QA119_ChangeAppWindowThrough_ApplicationMenuButton On Browser - ie
2018-06-11 19:33:38,271  INFO (TestNG-tests-1:dweb.aut.pages.templates.TestTemplateMethodLevelInit:afterTest:111) - Test - Test , Completed
2018-06-11 19:33:38,333  INFO (main:dweb.aut.pages.templates.TestTemplateMethodLevelInit:afterSuite:68) - Suite - SuiteRegression , Completed
